<?xml version="1.0" encoding="UTF-8"?>
<!-- Generated by org.testng.reporters.JUnitReportReporter -->
<testsuite hostname="D-184000435" name="com.wipro.opencart.TC04Opencart" tests="1" failures="0" timestamp="9 Feb 2018 04:43:48 GMT" time="100.207" errors="0">
  <testcase name="Featured" time="100.207" classname="com.wipro.opencart.TC04Opencart"/>
</testsuite> <!-- com.wipro.opencart.TC04Opencart -->
