<?xml version="1.0" encoding="UTF-8"?>
<!-- Generated by org.testng.reporters.JUnitReportReporter -->
<testsuite hostname="D-184000435" name="com.wipro.opencart.TC02Opencart" tests="2" failures="0" timestamp="9 Feb 2018 05:13:29 GMT" time="114.004" errors="0">
  <testcase name="Search" time="1.646" classname="com.wipro.opencart.TC02Opencart"/>
  <testcase name="ProductComparision" time="112.358" classname="com.wipro.opencart.TC02Opencart"/>
</testsuite> <!-- com.wipro.opencart.TC02Opencart -->
